New log file opened at Sun Jun 21 03:22:53 CDT 2015 by 6760@ridan_pc
Sending msg to client play-fork-run-118f6f08-3b8e-44c9-be57-ef4008dd6eaa: DetachedLogEvent(LogMessage(debug,sbt server socket logs are in: E:\GitSource\bite\Source\bite-backend\.sbtserver\connections\master.log))
Sending msg to client play-fork-run-118f6f08-3b8e-44c9-be57-ef4008dd6eaa: DetachedLogEvent(LogMessage(debug,sbt general server logs are in: E:\GitSource\bite\Source\bite-backend\.sbtserver\master.log))
Sending msg to client play-fork-run-118f6f08-3b8e-44c9-be57-ef4008dd6eaa: DetachedLogEvent(LogMessage(debug,sbt client logs are in: E:\GitSource\bite\Source\bite-backend\.sbtserver\connections\play-fork-run-118f6f08-3b8e-44c9-be57-ef4008dd6eaa.log))
Reading next message from client.
Got request: ListenToEvents()
Reading next message from client.
Sending msg to client play-fork-run-118f6f08-3b8e-44c9-be57-ef4008dd6eaa: DetachedLogEvent(LogMessage(debug,> --initialize))
Sending msg to client play-fork-run-118f6f08-3b8e-44c9-be57-ef4008dd6eaa: (3,ReceivedResponse())
Sending msg to client play-fork-run-118f6f08-3b8e-44c9-be57-ef4008dd6eaa: DetachedLogEvent(LogMessage(debug,> initialize))
Sending msg to client play-fork-run-118f6f08-3b8e-44c9-be57-ef4008dd6eaa: DetachedLogEvent(LogMessage(debug,> onFailure load-failed))
Sending msg to client play-fork-run-118f6f08-3b8e-44c9-be57-ef4008dd6eaa: DetachedLogEvent(LogMessage(debug,> boot))
Sending msg to client play-fork-run-118f6f08-3b8e-44c9-be57-ef4008dd6eaa: DetachedLogEvent(LogMessage(debug,> reload))
Sending msg to client play-fork-run-118f6f08-3b8e-44c9-be57-ef4008dd6eaa: DetachedLogEvent(LogMessage(debug,[Loading] Scanning directory E:\GitSource\bite\Source\bite-backend\project))
Sending msg to client play-fork-run-118f6f08-3b8e-44c9-be57-ef4008dd6eaa: DetachedLogEvent(LogMessage(debug,[Loading] Found non-root projects ))
Sending msg to client play-fork-run-118f6f08-3b8e-44c9-be57-ef4008dd6eaa: DetachedLogEvent(LogMessage(debug,[Loading] Done in E:\GitSource\bite\Source\bite-backend\project, returning: ()))
Sending msg to client play-fork-run-118f6f08-3b8e-44c9-be57-ef4008dd6eaa: DetachedLogEvent(LogMessage(debug,deducing auto plugins based on known facts Set(Atom(sbt.plugins.CorePlugin)) and clauses Clauses(List(Clause(Atom(sbt.plugins.JvmPlugin),Set(Atom(sbt.plugins.IvyPlugin))), Clause(Atom(sbt.plugins.JUnitXmlReportPlugin),Set(Atom(sbt.plugins.JvmPlugin))), Clause(Atom(sbt.plugins.CorePlugin),Set(Atom(sbt.plugins.IvyPlugin))), Clause(Atom(sbt.plugins.IvyPlugin),Set(Atom(sbt.plugins.JvmPlugin))), Clause(Atom(sbt.plugins.JvmPlugin),Set(Atom(sbt.plugins.JUnitXmlReportPlugin)))))))
Sending msg to client play-fork-run-118f6f08-3b8e-44c9-be57-ef4008dd6eaa: DetachedLogEvent(LogMessage(debug,  :: deduced result: Matched(sbt.plugins.CorePlugin,sbt.plugins.IvyPlugin,sbt.plugins.JvmPlugin,sbt.plugins.JUnitXmlReportPlugin)))
Sending msg to client play-fork-run-118f6f08-3b8e-44c9-be57-ef4008dd6eaa: DetachedLogEvent(LogMessage(debug,sorting: ns: List(sbt.plugins.CorePlugin, sbt.plugins.IvyPlugin, sbt.plugins.JvmPlugin, sbt.plugins.JUnitXmlReportPlugin)))
Sending msg to client play-fork-run-118f6f08-3b8e-44c9-be57-ef4008dd6eaa: DetachedLogEvent(LogMessage(debug,  :: sorting:: found: List(sbt.plugins.CorePlugin) not found List(sbt.plugins.IvyPlugin, sbt.plugins.JvmPlugin, sbt.plugins.JUnitXmlReportPlugin)))
Sending msg to client play-fork-run-118f6f08-3b8e-44c9-be57-ef4008dd6eaa: DetachedLogEvent(LogMessage(debug,  :: sorting:: found: List(sbt.plugins.CorePlugin, sbt.plugins.IvyPlugin) not found List(sbt.plugins.JvmPlugin, sbt.plugins.JUnitXmlReportPlugin)))
Sending msg to client play-fork-run-118f6f08-3b8e-44c9-be57-ef4008dd6eaa: DetachedLogEvent(LogMessage(debug,  :: sorting:: found: List(sbt.plugins.CorePlugin, sbt.plugins.IvyPlugin, sbt.plugins.JvmPlugin) not found List(sbt.plugins.JUnitXmlReportPlugin)))
Sending msg to client play-fork-run-118f6f08-3b8e-44c9-be57-ef4008dd6eaa: DetachedLogEvent(LogMessage(debug,  :: sorting:: found: List(sbt.plugins.CorePlugin, sbt.plugins.IvyPlugin, sbt.plugins.JvmPlugin, sbt.plugins.JUnitXmlReportPlugin) not found List()))
Sending msg to client play-fork-run-118f6f08-3b8e-44c9-be57-ef4008dd6eaa: DetachedLogEvent(LogMessage(debug,  :: sorted deduced result: List(sbt.plugins.CorePlugin, sbt.plugins.IvyPlugin, sbt.plugins.JvmPlugin, sbt.plugins.JUnitXmlReportPlugin)))
Sending msg to client play-fork-run-118f6f08-3b8e-44c9-be57-ef4008dd6eaa: DetachedLogEvent(LogMessage(debug,[Loading] Done in E:\GitSource\bite\Source\bite-backend\project, returning: (bite-backend-build)))
Sending msg to client play-fork-run-118f6f08-3b8e-44c9-be57-ef4008dd6eaa: DetachedLogEvent(LogMessage(info,Loading project definition from E:\GitSource\bite\Source\bite-backend\project))
Sending msg to client play-fork-run-118f6f08-3b8e-44c9-be57-ef4008dd6eaa: DetachedLogEvent(LogMessage(debug,Running task... Cancel: sbt.TaskCancellationStrategy$Null$@275a9f9f, check cycles: false))
Sending msg to client play-fork-run-118f6f08-3b8e-44c9-be57-ef4008dd6eaa: DetachedLogEvent(LogMessage(debug,
Initial source changes: 
	removed:Set()
	added: Set()
	modified: Set()
Removed products: Set()
External API changes: API Changes: Set()
Modified binary dependencies: Set()
Initial directly invalidated sources: Set()

Sources indirectly invalidated by:
	product: Set()
	binary dep: Set()
	external source: Set()))
Sending msg to client play-fork-run-118f6f08-3b8e-44c9-be57-ef4008dd6eaa: DetachedLogEvent(LogMessage(debug,All initially invalidated sources: Set()
))
Sending msg to client play-fork-run-118f6f08-3b8e-44c9-be57-ef4008dd6eaa: DetachedLogEvent(LogMessage(debug,Copy resource mappings: 
	))
Sending msg to client play-fork-run-118f6f08-3b8e-44c9-be57-ef4008dd6eaa: DetachedLogEvent(LogMessage(debug,[Loading] Scanning directory E:\GitSource\bite\Source\bite-backend))
Sending msg to client play-fork-run-118f6f08-3b8e-44c9-be57-ef4008dd6eaa: DetachedLogEvent(LogMessage(debug,[Loading] Found root project root w/ remaining ))
Sending msg to client play-fork-run-118f6f08-3b8e-44c9-be57-ef4008dd6eaa: DetachedLogEvent(LogMessage(debug,deducing auto plugins based on known facts Set(Atom(play.PlayJava), Atom(sbt.plugins.CorePlugin)) and clauses Clauses(List(Clause(Atom(sbt.plugins.JvmPlugin),Set(Atom(sbt.plugins.IvyPlugin))), Clause(Atom(sbt.plugins.JUnitXmlReportPlugin),Set(Atom(sbt.plugins.JvmPlugin))), Clause(Atom(play.sbt.forkrun.PlayForkRun),Set(Atom(sbt.plugins.BackgroundRunPlugin))), Clause(Atom(play.sbt.forkrun.PlayForkRun),Set(Atom(play.Play))), Clause(Atom(play.sbt.forkrun.PlayForkRun),Set(Atom(sbt.plugins.SerializersPlugin))), Clause(Atom(play.Play),Set(Atom(com.typesafe.sbt.webdriver.SbtWebDriver))), Clause(Atom(play.Play),Set(Atom(play.twirl.sbt.SbtTwirl))), Clause(Atom(play.Play),Set(Atom(com.typesafe.sbt.jse.SbtJsTask))), Clause(Atom(play.PlayJava),Set(Atom(play.Play))), Clause(Atom(play.PlayScala),Set(Atom(play.Play))), Clause(Atom(play.twirl.sbt.SbtTwirl),Set(Atom(sbt.plugins.JvmPlugin))), Clause(Atom(com.typesafe.sbt.jse.SbtJsEngine),Set(Atom(com.typesafe.sbt.web.SbtWeb))), Clause(Atom(com.typesafe.sbt.jse.SbtJsTask),Set(Atom(com.typesafe.sbt.jse.SbtJsEngine))), Clause(Atom(com.typesafe.sbt.webdriver.SbtWebDriver),Set(Atom(com.typesafe.sbt.web.SbtWeb))), Clause(Atom(sbt.plugins.BackgroundRunPlugin),Set(Atom(sbt.plugins.JvmPlugin))), Clause(Atom(com.typesafe.sbt.coffeescript.SbtCoffeeScript),Set(Atom(com.typesafe.sbt.jse.SbtJsTask))), Clause(Atom(sbt.plugins.CorePlugin),Set(Atom(sbt.plugins.IvyPlugin))), Clause(Atom(sbt.plugins.IvyPlugin),Set(Atom(sbt.plugins.JvmPlugin))), Clause(Atom(sbt.plugins.JvmPlugin),Set(Atom(sbt.plugins.JUnitXmlReportPlugin))), Clause(And(Set(Atom(sbt.plugins.BackgroundRunPlugin), Atom(play.Play), Atom(sbt.plugins.SerializersPlugin))),Set(Atom(play.sbt.forkrun.PlayForkRun))), Clause(Atom(com.typesafe.sbt.web.SbtWeb),Set(Atom(com.typesafe.sbt.jse.SbtJsEngine))), Clause(Atom(com.typesafe.sbt.jse.SbtJsEngine),Set(Atom(com.typesafe.sbt.jse.SbtJsTask))), Clause(Atom(com.typesafe.sbt.web.SbtWeb),Set(Atom(com.typesafe.sbt.webdriver.SbtWebDriver))), Clause(Atom(sbt.plugins.JvmPlugin),Set(Atom(sbt.plugins.BackgroundRunPlugin))), Clause(Atom(sbt.plugins.CorePlugin),Set(Atom(sbt.plugins.InteractionServicePlugin))), Clause(Atom(sbt.plugins.CorePlugin),Set(Atom(sbt.plugins.SendEventServicePlugin))), Clause(Atom(sbt.plugins.CorePlugin),Set(Atom(sbt.plugins.SerializersPlugin))), Clause(Atom(com.typesafe.sbt.jse.SbtJsTask),Set(Atom(com.typesafe.sbt.coffeescript.SbtCoffeeScript)))))))
Sending msg to client play-fork-run-118f6f08-3b8e-44c9-be57-ef4008dd6eaa: DetachedLogEvent(LogMessage(debug,  :: deduced result: Matched(sbt.plugins.CorePlugin,play.PlayJava,sbt.plugins.InteractionServicePlugin,sbt.plugins.SendEventServicePlugin,play.Play,sbt.plugins.SerializersPlugin,sbt.plugins.IvyPlugin,sbt.plugins.JvmPlugin,com.typesafe.sbt.jse.SbtJsTask,play.twirl.sbt.SbtTwirl,com.typesafe.sbt.webdriver.SbtWebDriver,sbt.plugins.JUnitXmlReportPlugin,com.typesafe.sbt.web.SbtWeb,com.typesafe.sbt.jse.SbtJsEngine,com.typesafe.sbt.coffeescript.SbtCoffeeScript,sbt.plugins.BackgroundRunPlugin,play.sbt.forkrun.PlayForkRun)))
Sending msg to client play-fork-run-118f6f08-3b8e-44c9-be57-ef4008dd6eaa: DetachedLogEvent(LogMessage(debug,sorting: ns: List(sbt.plugins.CorePlugin, play.PlayJava, sbt.plugins.InteractionServicePlugin, sbt.plugins.SendEventServicePlugin, play.Play, sbt.plugins.SerializersPlugin, sbt.plugins.IvyPlugin, sbt.plugins.JvmPlugin, com.typesafe.sbt.jse.SbtJsTask, play.twirl.sbt.SbtTwirl, com.typesafe.sbt.webdriver.SbtWebDriver, sbt.plugins.JUnitXmlReportPlugin, com.typesafe.sbt.web.SbtWeb, com.typesafe.sbt.jse.SbtJsEngine, com.typesafe.sbt.coffeescript.SbtCoffeeScript, sbt.plugins.BackgroundRunPlugin, play.sbt.forkrun.PlayForkRun)))
Sending msg to client play-fork-run-118f6f08-3b8e-44c9-be57-ef4008dd6eaa: DetachedLogEvent(LogMessage(debug,  :: sorting:: found: List(sbt.plugins.CorePlugin, com.typesafe.sbt.web.SbtWeb) not found List(play.PlayJava, sbt.plugins.InteractionServicePlugin, sbt.plugins.SendEventServicePlugin, play.Play, sbt.plugins.SerializersPlugin, sbt.plugins.IvyPlugin, sbt.plugins.JvmPlugin, com.typesafe.sbt.jse.SbtJsTask, play.twirl.sbt.SbtTwirl, com.typesafe.sbt.webdriver.SbtWebDriver, sbt.plugins.JUnitXmlReportPlugin, com.typesafe.sbt.jse.SbtJsEngine, com.typesafe.sbt.coffeescript.SbtCoffeeScript, sbt.plugins.BackgroundRunPlugin, play.sbt.forkrun.PlayForkRun)))
Sending msg to client play-fork-run-118f6f08-3b8e-44c9-be57-ef4008dd6eaa: DetachedLogEvent(LogMessage(debug,  :: sorting:: found: List(sbt.plugins.CorePlugin, com.typesafe.sbt.web.SbtWeb, sbt.plugins.InteractionServicePlugin, sbt.plugins.SendEventServicePlugin, sbt.plugins.SerializersPlugin, sbt.plugins.IvyPlugin, com.typesafe.sbt.webdriver.SbtWebDriver, com.typesafe.sbt.jse.SbtJsEngine) not found List(play.PlayJava, play.Play, sbt.plugins.JvmPlugin, com.typesafe.sbt.jse.SbtJsTask, play.twirl.sbt.SbtTwirl, sbt.plugins.JUnitXmlReportPlugin, com.typesafe.sbt.coffeescript.SbtCoffeeScript, sbt.plugins.BackgroundRunPlugin, play.sbt.forkrun.PlayForkRun)))
Sending msg to client play-fork-run-118f6f08-3b8e-44c9-be57-ef4008dd6eaa: DetachedLogEvent(LogMessage(debug,  :: sorting:: found: List(sbt.plugins.CorePlugin, com.typesafe.sbt.web.SbtWeb, sbt.plugins.InteractionServicePlugin, sbt.plugins.SendEventServicePlugin, sbt.plugins.SerializersPlugin, sbt.plugins.IvyPlugin, com.typesafe.sbt.webdriver.SbtWebDriver, com.typesafe.sbt.jse.SbtJsEngine, sbt.plugins.JvmPlugin, com.typesafe.sbt.jse.SbtJsTask) not found List(play.PlayJava, play.Play, play.twirl.sbt.SbtTwirl, sbt.plugins.JUnitXmlReportPlugin, com.typesafe.sbt.coffeescript.SbtCoffeeScript, sbt.plugins.BackgroundRunPlugin, play.sbt.forkrun.PlayForkRun)))
Sending msg to client play-fork-run-118f6f08-3b8e-44c9-be57-ef4008dd6eaa: DetachedLogEvent(LogMessage(debug,  :: sorting:: found: List(sbt.plugins.CorePlugin, com.typesafe.sbt.web.SbtWeb, sbt.plugins.InteractionServicePlugin, sbt.plugins.SendEventServicePlugin, sbt.plugins.SerializersPlugin, sbt.plugins.IvyPlugin, com.typesafe.sbt.webdriver.SbtWebDriver, com.typesafe.sbt.jse.SbtJsEngine, sbt.plugins.JvmPlugin, com.typesafe.sbt.jse.SbtJsTask, play.twirl.sbt.SbtTwirl, sbt.plugins.JUnitXmlReportPlugin, com.typesafe.sbt.coffeescript.SbtCoffeeScript, sbt.plugins.BackgroundRunPlugin) not found List(play.PlayJava, play.Play, play.sbt.forkrun.PlayForkRun)))
Sending msg to client play-fork-run-118f6f08-3b8e-44c9-be57-ef4008dd6eaa: DetachedLogEvent(LogMessage(debug,  :: sorting:: found: List(sbt.plugins.CorePlugin, com.typesafe.sbt.web.SbtWeb, sbt.plugins.InteractionServicePlugin, sbt.plugins.SendEventServicePlugin, sbt.plugins.SerializersPlugin, sbt.plugins.IvyPlugin, com.typesafe.sbt.webdriver.SbtWebDriver, com.typesafe.sbt.jse.SbtJsEngine, sbt.plugins.JvmPlugin, com.typesafe.sbt.jse.SbtJsTask, play.twirl.sbt.SbtTwirl, sbt.plugins.JUnitXmlReportPlugin, com.typesafe.sbt.coffeescript.SbtCoffeeScript, sbt.plugins.BackgroundRunPlugin, play.Play) not found List(play.PlayJava, play.sbt.forkrun.PlayForkRun)))
Sending msg to client play-fork-run-118f6f08-3b8e-44c9-be57-ef4008dd6eaa: DetachedLogEvent(LogMessage(debug,  :: sorting:: found: List(sbt.plugins.CorePlugin, com.typesafe.sbt.web.SbtWeb, sbt.plugins.InteractionServicePlugin, sbt.plugins.SendEventServicePlugin, sbt.plugins.SerializersPlugin, sbt.plugins.IvyPlugin, com.typesafe.sbt.webdriver.SbtWebDriver, com.typesafe.sbt.jse.SbtJsEngine, sbt.plugins.JvmPlugin, com.typesafe.sbt.jse.SbtJsTask, play.twirl.sbt.SbtTwirl, sbt.plugins.JUnitXmlReportPlugin, com.typesafe.sbt.coffeescript.SbtCoffeeScript, sbt.plugins.BackgroundRunPlugin, play.Play, play.PlayJava, play.sbt.forkrun.PlayForkRun) not found List()))
Sending msg to client play-fork-run-118f6f08-3b8e-44c9-be57-ef4008dd6eaa: DetachedLogEvent(LogMessage(debug,  :: sorted deduced result: List(sbt.plugins.CorePlugin, com.typesafe.sbt.web.SbtWeb, sbt.plugins.InteractionServicePlugin, sbt.plugins.SendEventServicePlugin, sbt.plugins.SerializersPlugin, sbt.plugins.IvyPlugin, com.typesafe.sbt.webdriver.SbtWebDriver, com.typesafe.sbt.jse.SbtJsEngine, sbt.plugins.JvmPlugin, com.typesafe.sbt.jse.SbtJsTask, play.twirl.sbt.SbtTwirl, sbt.plugins.JUnitXmlReportPlugin, com.typesafe.sbt.coffeescript.SbtCoffeeScript, sbt.plugins.BackgroundRunPlugin, play.Play, play.PlayJava, play.sbt.forkrun.PlayForkRun)))
Sending msg to client play-fork-run-118f6f08-3b8e-44c9-be57-ef4008dd6eaa: DetachedLogEvent(LogMessage(debug,[Loading] Done in E:\GitSource\bite\Source\bite-backend, returning: (root)))
Sending msg to client play-fork-run-118f6f08-3b8e-44c9-be57-ef4008dd6eaa: DetachedLogEvent(LogMessage(info,Set current project to bite-backend (in build file:/E:/GitSource/bite/Source/bite-backend/)))
Sending msg to client play-fork-run-118f6f08-3b8e-44c9-be57-ef4008dd6eaa: DetachedLogEvent(LogMessage(info,Reapplying settings...))
Sending msg to client play-fork-run-118f6f08-3b8e-44c9-be57-ef4008dd6eaa: DetachedLogEvent(LogMessage(info,Set current project to bite-backend (in build file:/E:/GitSource/bite/Source/bite-backend/)))
Sending msg to client play-fork-run-118f6f08-3b8e-44c9-be57-ef4008dd6eaa: DetachedLogEvent(LogMessage(debug,> iflast shell))
Sending msg to client play-fork-run-118f6f08-3b8e-44c9-be57-ef4008dd6eaa: DetachedLogEvent(LogMessage(debug,> server-send-ready-for-request))
Sending msg to client play-fork-run-118f6f08-3b8e-44c9-be57-ef4008dd6eaa: BuildLoaded()
Sending msg to client play-fork-run-118f6f08-3b8e-44c9-be57-ef4008dd6eaa: DetachedLogEvent(LogMessage(debug,> server-handle-next-server-request))
